<?xml version="1.0" encoding="UTF-8"?>
<testng-results ignored="0" total="1" passed="1" failed="0" skipped="0">
  <reporter-output>
  </reporter-output>
  <suite started-at="2024-04-22T11:55:13 IST" name="Default suite" finished-at="2024-04-22T11:55:15 IST" duration-ms="2087">
    <groups>
    </groups>
    <test started-at="2024-04-22T11:55:13 IST" name="Default test" finished-at="2024-04-22T11:55:15 IST" duration-ms="2087">
      <class name="restapi.jsonschemavalidator">
        <test-method signature="getmethodbdd()[pri:0, instance:restapi.jsonschemavalidator@659499f1]" started-at="2024-04-22T11:55:13 IST" name="getmethodbdd" finished-at="2024-04-22T11:55:15 IST" duration-ms="2049" status="PASS">
          <reporter-output>
          </reporter-output>
        </test-method> <!-- getmethodbdd -->
      </class> <!-- restapi.jsonschemavalidator -->
    </test> <!-- Default test -->
  </suite> <!-- Default suite -->
</testng-results>
